<?xml version="1.0" encoding="UTF-8"?>
<testsuite xmlns:xsi="http://www.w3.org/2001/XMLSchema-instance" xsi:noNamespaceSchemaLocation="https://maven.apache.org/surefire/maven-surefire-plugin/xsd/surefire-test-report-3.0.xsd" version="3.0" name="io.cucumber.skeleton.RunCucumberTest" time="0.1" tests="1" errors="0" skipped="0" failures="0">
  <properties>
    <property name="java.specification.version" value="17"/>
    <property name="sun.jnu.encoding" value="UTF-8"/>
    <property name="java.class.path" value="/home/pedrocoelho5/Desktop/Universidade/TQS/test/tqs_104247/Lab5/Lab5_1/target/test-classes:/home/pedrocoelho5/Desktop/Universidade/TQS/test/tqs_104247/Lab5/Lab5_1/target/classes:/home/pedrocoelho5/.m2/repository/io/cucumber/cucumber-java/7.11.1/cucumber-java-7.11.1.jar:/home/pedrocoelho5/.m2/repository/io/cucumber/cucumber-core/7.11.1/cucumber-core-7.11.1.jar:/home/pedrocoelho5/.m2/repository/io/cucumber/cucumber-gherkin/7.11.1/cucumber-gherkin-7.11.1.jar:/home/pedrocoelho5/.m2/repository/io/cucumber/cucumber-gherkin-messages/7.11.1/cucumber-gherkin-messages-7.11.1.jar:/home/pedrocoelho5/.m2/repository/io/cucumber/gherkin/26.0.3/gherkin-26.0.3.jar:/home/pedrocoelho5/.m2/repository/io/cucumber/messages/21.0.1/messages-21.0.1.jar:/home/pedrocoelho5/.m2/repository/io/cucumber/tag-expressions/5.0.1/tag-expressions-5.0.1.jar:/home/pedrocoelho5/.m2/repository/io/cucumber/cucumber-expressions/16.1.2/cucumber-expressions-16.1.2.jar:/home/pedrocoelho5/.m2/repository/io/cucumber/datatable/7.11.1/datatable-7.11.1.jar:/home/pedrocoelho5/.m2/repository/io/cucumber/cucumber-plugin/7.11.1/cucumber-plugin-7.11.1.jar:/home/pedrocoelho5/.m2/repository/io/cucumber/docstring/7.11.1/docstring-7.11.1.jar:/home/pedrocoelho5/.m2/repository/io/cucumber/html-formatter/20.2.1/html-formatter-20.2.1.jar:/home/pedrocoelho5/.m2/repository/io/cucumber/junit-xml-formatter/0.1.0/junit-xml-formatter-0.1.0.jar:/home/pedrocoelho5/.m2/repository/io/cucumber/ci-environment/9.1.0/ci-environment-9.1.0.jar:/home/pedrocoelho5/.m2/repository/org/apiguardian/apiguardian-api/1.1.2/apiguardian-api-1.1.2.jar:/home/pedrocoelho5/.m2/repository/io/cucumber/cucumber-junit-platform-engine/7.11.1/cucumber-junit-platform-engine-7.11.1.jar:/home/pedrocoelho5/.m2/repository/org/junit/platform/junit-platform-engine/1.9.2/junit-platform-engine-1.9.2.jar:/home/pedrocoelho5/.m2/repository/org/opentest4j/opentest4j/1.2.0/opentest4j-1.2.0.jar:/home/pedrocoelho5/.m2/repository/org/junit/platform/junit-platform-commons/1.9.2/junit-platform-commons-1.9.2.jar:/home/pedrocoelho5/.m2/repository/org/junit/platform/junit-platform-suite/1.9.2/junit-platform-suite-1.9.2.jar:/home/pedrocoelho5/.m2/repository/org/junit/platform/junit-platform-suite-api/1.9.2/junit-platform-suite-api-1.9.2.jar:/home/pedrocoelho5/.m2/repository/org/junit/platform/junit-platform-suite-engine/1.9.2/junit-platform-suite-engine-1.9.2.jar:/home/pedrocoelho5/.m2/repository/org/junit/platform/junit-platform-suite-commons/1.9.2/junit-platform-suite-commons-1.9.2.jar:/home/pedrocoelho5/.m2/repository/org/junit/platform/junit-platform-launcher/1.9.2/junit-platform-launcher-1.9.2.jar:/home/pedrocoelho5/.m2/repository/org/junit/jupiter/junit-jupiter/5.9.2/junit-jupiter-5.9.2.jar:/home/pedrocoelho5/.m2/repository/org/junit/jupiter/junit-jupiter-api/5.9.2/junit-jupiter-api-5.9.2.jar:/home/pedrocoelho5/.m2/repository/org/junit/jupiter/junit-jupiter-params/5.9.2/junit-jupiter-params-5.9.2.jar:/home/pedrocoelho5/.m2/repository/org/junit/jupiter/junit-jupiter-engine/5.9.2/junit-jupiter-engine-5.9.2.jar:"/>
    <property name="java.vm.vendor" value="Private Build"/>
    <property name="sun.arch.data.model" value="64"/>
    <property name="java.vendor.url" value="Unknown"/>
    <property name="os.name" value="Linux"/>
    <property name="java.vm.specification.version" value="17"/>
    <property name="sun.java.launcher" value="SUN_STANDARD"/>
    <property name="user.country" value="PT"/>
    <property name="sun.boot.library.path" value="/usr/lib/jvm/java-17-openjdk-amd64/lib"/>
    <property name="sun.java.command" value="/home/pedrocoelho5/Desktop/Universidade/TQS/test/tqs_104247/Lab5/Lab5_1/target/surefire/surefirebooter-20230323115507477_3.jar /home/pedrocoelho5/Desktop/Universidade/TQS/test/tqs_104247/Lab5/Lab5_1/target/surefire 2023-03-23T11-55-07_413-jvmRun1 surefire-20230323115507477_1tmp surefire_0-20230323115507477_2tmp"/>
    <property name="jdk.debug" value="release"/>
    <property name="surefire.test.class.path" value="/home/pedrocoelho5/Desktop/Universidade/TQS/test/tqs_104247/Lab5/Lab5_1/target/test-classes:/home/pedrocoelho5/Desktop/Universidade/TQS/test/tqs_104247/Lab5/Lab5_1/target/classes:/home/pedrocoelho5/.m2/repository/io/cucumber/cucumber-java/7.11.1/cucumber-java-7.11.1.jar:/home/pedrocoelho5/.m2/repository/io/cucumber/cucumber-core/7.11.1/cucumber-core-7.11.1.jar:/home/pedrocoelho5/.m2/repository/io/cucumber/cucumber-gherkin/7.11.1/cucumber-gherkin-7.11.1.jar:/home/pedrocoelho5/.m2/repository/io/cucumber/cucumber-gherkin-messages/7.11.1/cucumber-gherkin-messages-7.11.1.jar:/home/pedrocoelho5/.m2/repository/io/cucumber/gherkin/26.0.3/gherkin-26.0.3.jar:/home/pedrocoelho5/.m2/repository/io/cucumber/messages/21.0.1/messages-21.0.1.jar:/home/pedrocoelho5/.m2/repository/io/cucumber/tag-expressions/5.0.1/tag-expressions-5.0.1.jar:/home/pedrocoelho5/.m2/repository/io/cucumber/cucumber-expressions/16.1.2/cucumber-expressions-16.1.2.jar:/home/pedrocoelho5/.m2/repository/io/cucumber/datatable/7.11.1/datatable-7.11.1.jar:/home/pedrocoelho5/.m2/repository/io/cucumber/cucumber-plugin/7.11.1/cucumber-plugin-7.11.1.jar:/home/pedrocoelho5/.m2/repository/io/cucumber/docstring/7.11.1/docstring-7.11.1.jar:/home/pedrocoelho5/.m2/repository/io/cucumber/html-formatter/20.2.1/html-formatter-20.2.1.jar:/home/pedrocoelho5/.m2/repository/io/cucumber/junit-xml-formatter/0.1.0/junit-xml-formatter-0.1.0.jar:/home/pedrocoelho5/.m2/repository/io/cucumber/ci-environment/9.1.0/ci-environment-9.1.0.jar:/home/pedrocoelho5/.m2/repository/org/apiguardian/apiguardian-api/1.1.2/apiguardian-api-1.1.2.jar:/home/pedrocoelho5/.m2/repository/io/cucumber/cucumber-junit-platform-engine/7.11.1/cucumber-junit-platform-engine-7.11.1.jar:/home/pedrocoelho5/.m2/repository/org/junit/platform/junit-platform-engine/1.9.2/junit-platform-engine-1.9.2.jar:/home/pedrocoelho5/.m2/repository/org/opentest4j/opentest4j/1.2.0/opentest4j-1.2.0.jar:/home/pedrocoelho5/.m2/repository/org/junit/platform/junit-platform-commons/1.9.2/junit-platform-commons-1.9.2.jar:/home/pedrocoelho5/.m2/repository/org/junit/platform/junit-platform-suite/1.9.2/junit-platform-suite-1.9.2.jar:/home/pedrocoelho5/.m2/repository/org/junit/platform/junit-platform-suite-api/1.9.2/junit-platform-suite-api-1.9.2.jar:/home/pedrocoelho5/.m2/repository/org/junit/platform/junit-platform-suite-engine/1.9.2/junit-platform-suite-engine-1.9.2.jar:/home/pedrocoelho5/.m2/repository/org/junit/platform/junit-platform-suite-commons/1.9.2/junit-platform-suite-commons-1.9.2.jar:/home/pedrocoelho5/.m2/repository/org/junit/platform/junit-platform-launcher/1.9.2/junit-platform-launcher-1.9.2.jar:/home/pedrocoelho5/.m2/repository/org/junit/jupiter/junit-jupiter/5.9.2/junit-jupiter-5.9.2.jar:/home/pedrocoelho5/.m2/repository/org/junit/jupiter/junit-jupiter-api/5.9.2/junit-jupiter-api-5.9.2.jar:/home/pedrocoelho5/.m2/repository/org/junit/jupiter/junit-jupiter-params/5.9.2/junit-jupiter-params-5.9.2.jar:/home/pedrocoelho5/.m2/repository/org/junit/jupiter/junit-jupiter-engine/5.9.2/junit-jupiter-engine-5.9.2.jar:"/>
    <property name="sun.cpu.endian" value="little"/>
    <property name="user.home" value="/home/pedrocoelho5"/>
    <property name="user.language" value="pt"/>
    <property name="java.specification.vendor" value="Oracle Corporation"/>
    <property name="java.version.date" value="2023-01-17"/>
    <property name="java.home" value="/usr/lib/jvm/java-17-openjdk-amd64"/>
    <property name="file.separator" value="/"/>
    <property name="basedir" value="/home/pedrocoelho5/Desktop/Universidade/TQS/test/tqs_104247/Lab5/Lab5_1"/>
    <property name="java.vm.compressedOopsMode" value="Zero based"/>
    <property name="line.separator" value="&#10;"/>
    <property name="java.vm.specification.vendor" value="Oracle Corporation"/>
    <property name="java.specification.name" value="Java Platform API Specification"/>
    <property name="surefire.real.class.path" value="/home/pedrocoelho5/Desktop/Universidade/TQS/test/tqs_104247/Lab5/Lab5_1/target/surefire/surefirebooter-20230323115507477_3.jar"/>
    <property name="sun.management.compiler" value="HotSpot 64-Bit Tiered Compilers"/>
    <property name="java.runtime.version" value="17.0.6+10-Ubuntu-0ubuntu122.04"/>
    <property name="user.name" value="pedrocoelho5"/>
    <property name="path.separator" value=":"/>
    <property name="os.version" value="5.19.0-35-generic"/>
    <property name="java.runtime.name" value="OpenJDK Runtime Environment"/>
    <property name="file.encoding" value="UTF-8"/>
    <property name="java.vm.name" value="OpenJDK 64-Bit Server VM"/>
    <property name="localRepository" value="/home/pedrocoelho5/.m2/repository"/>
    <property name="java.vendor.url.bug" value="Unknown"/>
    <property name="java.io.tmpdir" value="/tmp"/>
    <property name="java.version" value="17.0.6"/>
    <property name="user.dir" value="/home/pedrocoelho5/Desktop/Universidade/TQS/test/tqs_104247/Lab5/Lab5_1"/>
    <property name="os.arch" value="amd64"/>
    <property name="java.vm.specification.name" value="Java Virtual Machine Specification"/>
    <property name="native.encoding" value="UTF-8"/>
    <property name="java.library.path" value="/usr/java/packages/lib:/usr/lib/x86_64-linux-gnu/jni:/lib/x86_64-linux-gnu:/usr/lib/x86_64-linux-gnu:/usr/lib/jni:/lib:/usr/lib"/>
    <property name="java.vm.info" value="mixed mode, sharing"/>
    <property name="java.vendor" value="Private Build"/>
    <property name="java.vm.version" value="17.0.6+10-Ubuntu-0ubuntu122.04"/>
    <property name="sun.io.unicode.encoding" value="UnicodeLittle"/>
    <property name="java.class.version" value="61.0"/>
  </properties>
  <testcase name="Belly - a few cukes" classname="Belly" time="0.043">
    <system-out><![CDATA[
Scenario: a few cukes               &amp#27;[90m# io/cucumber/skeleton/belly.feature:3&amp#27;[0m
  &amp#27;[32mGiven &amp#27;[0m&amp#27;[32mI have &amp#27;[0m&amp#27;[32m&amp#27;[1m42&amp#27;[0m&amp#27;[32m cukes in my belly&amp#27;[0m &amp#27;[90m# io.cucumber.skeleton.StepDefinitions.I_have_cukes_in_my_belly(int)&amp#27;[0m
  &amp#27;[32mWhen &amp#27;[0m&amp#27;[32mI wait &amp#27;[0m&amp#27;[32m&amp#27;[1m1&amp#27;[0m&amp#27;[32m hour&amp#27;[0m                &amp#27;[90m# io.cucumber.skeleton.StepDefinitions.i_wait_hour(java.lang.Integer)&amp#27;[0m
  &amp#27;[32mThen &amp#27;[0m&amp#27;[32mmy belly should growl&amp#27;[0m        &amp#27;[90m# io.cucumber.skeleton.StepDefinitions.my_belly_should_growl()&amp#27;[0m
]]></system-out>
  </testcase>
</testsuite>