<?xml version="1.0" encoding="UTF-8"?>
<testsuite xmlns:xsi="http://www.w3.org/2001/XMLSchema-instance" xsi:noNamespaceSchemaLocation="https://maven.apache.org/surefire/maven-surefire-plugin/xsd/surefire-test-report.xsd" name="com.PedroC55.RestAssureTest" time="3.122" tests="3" errors="0" skipped="0" failures="0">
  <properties>
    <property name="java.specification.version" value="17"/>
    <property name="sun.jnu.encoding" value="UTF-8"/>
    <property name="java.class.path" value="/home/pedrocoelho5/Desktop/Universidade/TQS/test/tqs_104247/Lab7/Lab7_1/target/test-classes:/home/pedrocoelho5/Desktop/Universidade/TQS/test/tqs_104247/Lab7/Lab7_1/target/classes:/home/pedrocoelho5/.m2/repository/org/junit/jupiter/junit-jupiter-engine/5.8.2/junit-jupiter-engine-5.8.2.jar:/home/pedrocoelho5/.m2/repository/org/junit/platform/junit-platform-engine/1.8.2/junit-platform-engine-1.8.2.jar:/home/pedrocoelho5/.m2/repository/org/opentest4j/opentest4j/1.2.0/opentest4j-1.2.0.jar:/home/pedrocoelho5/.m2/repository/org/junit/platform/junit-platform-commons/1.8.2/junit-platform-commons-1.8.2.jar:/home/pedrocoelho5/.m2/repository/org/junit/jupiter/junit-jupiter-api/5.8.2/junit-jupiter-api-5.8.2.jar:/home/pedrocoelho5/.m2/repository/org/apiguardian/apiguardian-api/1.1.2/apiguardian-api-1.1.2.jar:/home/pedrocoelho5/.m2/repository/io/rest-assured/rest-assured/5.0.1/rest-assured-5.0.1.jar:/home/pedrocoelho5/.m2/repository/org/apache/groovy/groovy/4.0.1/groovy-4.0.1.jar:/home/pedrocoelho5/.m2/repository/org/apache/groovy/groovy-xml/4.0.1/groovy-xml-4.0.1.jar:/home/pedrocoelho5/.m2/repository/org/apache/httpcomponents/httpclient/4.5.13/httpclient-4.5.13.jar:/home/pedrocoelho5/.m2/repository/org/apache/httpcomponents/httpcore/4.4.13/httpcore-4.4.13.jar:/home/pedrocoelho5/.m2/repository/commons-logging/commons-logging/1.2/commons-logging-1.2.jar:/home/pedrocoelho5/.m2/repository/commons-codec/commons-codec/1.11/commons-codec-1.11.jar:/home/pedrocoelho5/.m2/repository/org/apache/httpcomponents/httpmime/4.5.13/httpmime-4.5.13.jar:/home/pedrocoelho5/.m2/repository/org/hamcrest/hamcrest/2.1/hamcrest-2.1.jar:/home/pedrocoelho5/.m2/repository/org/ccil/cowan/tagsoup/tagsoup/1.2.1/tagsoup-1.2.1.jar:/home/pedrocoelho5/.m2/repository/io/rest-assured/json-path/5.0.1/json-path-5.0.1.jar:/home/pedrocoelho5/.m2/repository/org/apache/groovy/groovy-json/4.0.1/groovy-json-4.0.1.jar:/home/pedrocoelho5/.m2/repository/io/rest-assured/rest-assured-common/5.0.1/rest-assured-common-5.0.1.jar:/home/pedrocoelho5/.m2/repository/io/rest-assured/xml-path/5.0.1/xml-path-5.0.1.jar:/home/pedrocoelho5/.m2/repository/org/apache/commons/commons-lang3/3.11/commons-lang3-3.11.jar:/home/pedrocoelho5/.m2/repository/io/rest-assured/json-schema-validator/5.0.1/json-schema-validator-5.0.1.jar:/home/pedrocoelho5/.m2/repository/com/github/java-json-tools/json-schema-validator/2.2.14/json-schema-validator-2.2.14.jar:/home/pedrocoelho5/.m2/repository/com/google/guava/guava/28.2-android/guava-28.2-android.jar:/home/pedrocoelho5/.m2/repository/com/google/guava/failureaccess/1.0.1/failureaccess-1.0.1.jar:/home/pedrocoelho5/.m2/repository/com/google/guava/listenablefuture/9999.0-empty-to-avoid-conflict-with-guava/listenablefuture-9999.0-empty-to-avoid-conflict-with-guava.jar:/home/pedrocoelho5/.m2/repository/org/checkerframework/checker-compat-qual/2.5.5/checker-compat-qual-2.5.5.jar:/home/pedrocoelho5/.m2/repository/com/google/errorprone/error_prone_annotations/2.3.4/error_prone_annotations-2.3.4.jar:/home/pedrocoelho5/.m2/repository/com/google/j2objc/j2objc-annotations/1.3/j2objc-annotations-1.3.jar:/home/pedrocoelho5/.m2/repository/com/github/java-json-tools/jackson-coreutils-equivalence/1.0/jackson-coreutils-equivalence-1.0.jar:/home/pedrocoelho5/.m2/repository/com/fasterxml/jackson/core/jackson-databind/2.11.0/jackson-databind-2.11.0.jar:/home/pedrocoelho5/.m2/repository/com/fasterxml/jackson/core/jackson-annotations/2.11.0/jackson-annotations-2.11.0.jar:/home/pedrocoelho5/.m2/repository/com/fasterxml/jackson/core/jackson-core/2.11.0/jackson-core-2.11.0.jar:/home/pedrocoelho5/.m2/repository/com/github/java-json-tools/jackson-coreutils/2.0/jackson-coreutils-2.0.jar:/home/pedrocoelho5/.m2/repository/com/github/java-json-tools/msg-simple/1.2/msg-simple-1.2.jar:/home/pedrocoelho5/.m2/repository/com/github/java-json-tools/btf/1.3/btf-1.3.jar:/home/pedrocoelho5/.m2/repository/com/github/java-json-tools/json-schema-core/1.2.14/json-schema-core-1.2.14.jar:/home/pedrocoelho5/.m2/repository/com/github/java-json-tools/uri-template/0.10/uri-template-0.10.jar:/home/pedrocoelho5/.m2/repository/org/mozilla/rhino/1.7.7.2/rhino-1.7.7.2.jar:/home/pedrocoelho5/.m2/repository/com/sun/mail/mailapi/1.6.2/mailapi-1.6.2.jar:/home/pedrocoelho5/.m2/repository/joda-time/joda-time/2.10.5/joda-time-2.10.5.jar:/home/pedrocoelho5/.m2/repository/com/googlecode/libphonenumber/libphonenumber/8.11.1/libphonenumber-8.11.1.jar:/home/pedrocoelho5/.m2/repository/com/google/code/findbugs/jsr305/3.0.2/jsr305-3.0.2.jar:/home/pedrocoelho5/.m2/repository/net/sf/jopt-simple/jopt-simple/5.0.4/jopt-simple-5.0.4.jar:"/>
    <property name="java.vm.vendor" value="Private Build"/>
    <property name="sun.arch.data.model" value="64"/>
    <property name="java.vendor.url" value="Unknown"/>
    <property name="os.name" value="Linux"/>
    <property name="java.vm.specification.version" value="17"/>
    <property name="sun.java.launcher" value="SUN_STANDARD"/>
    <property name="user.country" value="PT"/>
    <property name="sun.boot.library.path" value="/usr/lib/jvm/java-17-openjdk-amd64/lib"/>
    <property name="sun.java.command" value="/home/pedrocoelho5/Desktop/Universidade/TQS/test/tqs_104247/Lab7/Lab7_1/target/surefire/surefirebooter11477417285798706669.jar /home/pedrocoelho5/Desktop/Universidade/TQS/test/tqs_104247/Lab7/Lab7_1/target/surefire 2023-03-31T09-54-57_652-jvmRun1 surefire17253655195198248882tmp surefire_02736071182931443321tmp"/>
    <property name="jdk.debug" value="release"/>
    <property name="surefire.test.class.path" value="/home/pedrocoelho5/Desktop/Universidade/TQS/test/tqs_104247/Lab7/Lab7_1/target/test-classes:/home/pedrocoelho5/Desktop/Universidade/TQS/test/tqs_104247/Lab7/Lab7_1/target/classes:/home/pedrocoelho5/.m2/repository/org/junit/jupiter/junit-jupiter-engine/5.8.2/junit-jupiter-engine-5.8.2.jar:/home/pedrocoelho5/.m2/repository/org/junit/platform/junit-platform-engine/1.8.2/junit-platform-engine-1.8.2.jar:/home/pedrocoelho5/.m2/repository/org/opentest4j/opentest4j/1.2.0/opentest4j-1.2.0.jar:/home/pedrocoelho5/.m2/repository/org/junit/platform/junit-platform-commons/1.8.2/junit-platform-commons-1.8.2.jar:/home/pedrocoelho5/.m2/repository/org/junit/jupiter/junit-jupiter-api/5.8.2/junit-jupiter-api-5.8.2.jar:/home/pedrocoelho5/.m2/repository/org/apiguardian/apiguardian-api/1.1.2/apiguardian-api-1.1.2.jar:/home/pedrocoelho5/.m2/repository/io/rest-assured/rest-assured/5.0.1/rest-assured-5.0.1.jar:/home/pedrocoelho5/.m2/repository/org/apache/groovy/groovy/4.0.1/groovy-4.0.1.jar:/home/pedrocoelho5/.m2/repository/org/apache/groovy/groovy-xml/4.0.1/groovy-xml-4.0.1.jar:/home/pedrocoelho5/.m2/repository/org/apache/httpcomponents/httpclient/4.5.13/httpclient-4.5.13.jar:/home/pedrocoelho5/.m2/repository/org/apache/httpcomponents/httpcore/4.4.13/httpcore-4.4.13.jar:/home/pedrocoelho5/.m2/repository/commons-logging/commons-logging/1.2/commons-logging-1.2.jar:/home/pedrocoelho5/.m2/repository/commons-codec/commons-codec/1.11/commons-codec-1.11.jar:/home/pedrocoelho5/.m2/repository/org/apache/httpcomponents/httpmime/4.5.13/httpmime-4.5.13.jar:/home/pedrocoelho5/.m2/repository/org/hamcrest/hamcrest/2.1/hamcrest-2.1.jar:/home/pedrocoelho5/.m2/repository/org/ccil/cowan/tagsoup/tagsoup/1.2.1/tagsoup-1.2.1.jar:/home/pedrocoelho5/.m2/repository/io/rest-assured/json-path/5.0.1/json-path-5.0.1.jar:/home/pedrocoelho5/.m2/repository/org/apache/groovy/groovy-json/4.0.1/groovy-json-4.0.1.jar:/home/pedrocoelho5/.m2/repository/io/rest-assured/rest-assured-common/5.0.1/rest-assured-common-5.0.1.jar:/home/pedrocoelho5/.m2/repository/io/rest-assured/xml-path/5.0.1/xml-path-5.0.1.jar:/home/pedrocoelho5/.m2/repository/org/apache/commons/commons-lang3/3.11/commons-lang3-3.11.jar:/home/pedrocoelho5/.m2/repository/io/rest-assured/json-schema-validator/5.0.1/json-schema-validator-5.0.1.jar:/home/pedrocoelho5/.m2/repository/com/github/java-json-tools/json-schema-validator/2.2.14/json-schema-validator-2.2.14.jar:/home/pedrocoelho5/.m2/repository/com/google/guava/guava/28.2-android/guava-28.2-android.jar:/home/pedrocoelho5/.m2/repository/com/google/guava/failureaccess/1.0.1/failureaccess-1.0.1.jar:/home/pedrocoelho5/.m2/repository/com/google/guava/listenablefuture/9999.0-empty-to-avoid-conflict-with-guava/listenablefuture-9999.0-empty-to-avoid-conflict-with-guava.jar:/home/pedrocoelho5/.m2/repository/org/checkerframework/checker-compat-qual/2.5.5/checker-compat-qual-2.5.5.jar:/home/pedrocoelho5/.m2/repository/com/google/errorprone/error_prone_annotations/2.3.4/error_prone_annotations-2.3.4.jar:/home/pedrocoelho5/.m2/repository/com/google/j2objc/j2objc-annotations/1.3/j2objc-annotations-1.3.jar:/home/pedrocoelho5/.m2/repository/com/github/java-json-tools/jackson-coreutils-equivalence/1.0/jackson-coreutils-equivalence-1.0.jar:/home/pedrocoelho5/.m2/repository/com/fasterxml/jackson/core/jackson-databind/2.11.0/jackson-databind-2.11.0.jar:/home/pedrocoelho5/.m2/repository/com/fasterxml/jackson/core/jackson-annotations/2.11.0/jackson-annotations-2.11.0.jar:/home/pedrocoelho5/.m2/repository/com/fasterxml/jackson/core/jackson-core/2.11.0/jackson-core-2.11.0.jar:/home/pedrocoelho5/.m2/repository/com/github/java-json-tools/jackson-coreutils/2.0/jackson-coreutils-2.0.jar:/home/pedrocoelho5/.m2/repository/com/github/java-json-tools/msg-simple/1.2/msg-simple-1.2.jar:/home/pedrocoelho5/.m2/repository/com/github/java-json-tools/btf/1.3/btf-1.3.jar:/home/pedrocoelho5/.m2/repository/com/github/java-json-tools/json-schema-core/1.2.14/json-schema-core-1.2.14.jar:/home/pedrocoelho5/.m2/repository/com/github/java-json-tools/uri-template/0.10/uri-template-0.10.jar:/home/pedrocoelho5/.m2/repository/org/mozilla/rhino/1.7.7.2/rhino-1.7.7.2.jar:/home/pedrocoelho5/.m2/repository/com/sun/mail/mailapi/1.6.2/mailapi-1.6.2.jar:/home/pedrocoelho5/.m2/repository/joda-time/joda-time/2.10.5/joda-time-2.10.5.jar:/home/pedrocoelho5/.m2/repository/com/googlecode/libphonenumber/libphonenumber/8.11.1/libphonenumber-8.11.1.jar:/home/pedrocoelho5/.m2/repository/com/google/code/findbugs/jsr305/3.0.2/jsr305-3.0.2.jar:/home/pedrocoelho5/.m2/repository/net/sf/jopt-simple/jopt-simple/5.0.4/jopt-simple-5.0.4.jar:"/>
    <property name="sun.cpu.endian" value="little"/>
    <property name="user.home" value="/home/pedrocoelho5"/>
    <property name="user.language" value="pt"/>
    <property name="java.specification.vendor" value="Oracle Corporation"/>
    <property name="java.version.date" value="2023-01-17"/>
    <property name="java.home" value="/usr/lib/jvm/java-17-openjdk-amd64"/>
    <property name="file.separator" value="/"/>
    <property name="basedir" value="/home/pedrocoelho5/Desktop/Universidade/TQS/test/tqs_104247/Lab7/Lab7_1"/>
    <property name="java.vm.compressedOopsMode" value="Zero based"/>
    <property name="line.separator" value="&#10;"/>
    <property name="java.vm.specification.vendor" value="Oracle Corporation"/>
    <property name="java.specification.name" value="Java Platform API Specification"/>
    <property name="surefire.real.class.path" value="/home/pedrocoelho5/Desktop/Universidade/TQS/test/tqs_104247/Lab7/Lab7_1/target/surefire/surefirebooter11477417285798706669.jar"/>
    <property name="sun.management.compiler" value="HotSpot 64-Bit Tiered Compilers"/>
    <property name="java.runtime.version" value="17.0.6+10-Ubuntu-0ubuntu122.04"/>
    <property name="user.name" value="pedrocoelho5"/>
    <property name="path.separator" value=":"/>
    <property name="os.version" value="5.19.0-38-generic"/>
    <property name="java.runtime.name" value="OpenJDK Runtime Environment"/>
    <property name="file.encoding" value="UTF-8"/>
    <property name="java.vm.name" value="OpenJDK 64-Bit Server VM"/>
    <property name="localRepository" value="/home/pedrocoelho5/.m2/repository"/>
    <property name="java.vendor.url.bug" value="Unknown"/>
    <property name="java.io.tmpdir" value="/tmp"/>
    <property name="java.version" value="17.0.6"/>
    <property name="user.dir" value="/home/pedrocoelho5/Desktop/Universidade/TQS/test/tqs_104247/Lab7/Lab7_1"/>
    <property name="os.arch" value="amd64"/>
    <property name="java.vm.specification.name" value="Java Virtual Machine Specification"/>
    <property name="native.encoding" value="UTF-8"/>
    <property name="java.library.path" value="/usr/java/packages/lib:/usr/lib/x86_64-linux-gnu/jni:/lib/x86_64-linux-gnu:/usr/lib/x86_64-linux-gnu:/usr/lib/jni:/lib:/usr/lib"/>
    <property name="java.vm.info" value="mixed mode, sharing"/>
    <property name="java.vendor" value="Private Build"/>
    <property name="java.vm.version" value="17.0.6+10-Ubuntu-0ubuntu122.04"/>
    <property name="sun.io.unicode.encoding" value="UnicodeLittle"/>
    <property name="java.class.version" value="61.0"/>
  </properties>
  <testcase name="testListAllToDosInclude198And199" classname="com.PedroC55.RestAssureTest" time="2.595"/>
  <testcase name="queryToDo4" classname="com.PedroC55.RestAssureTest" time="0.39"/>
  <testcase name="testAPIEndpoint" classname="com.PedroC55.RestAssureTest" time="0.121"/>
</testsuite>